<?xml version="1.0" encoding="UTF-8"?>
<!-- Generated by org.testng.reporters.JUnitReportReporter -->
<testsuite skipped="33" hostname="Bensons-MacBook-Pro.local" name="com.testprice.TestPriceComfort" tests="34" failures="0" timestamp="14 Jun 2019 10:55:34 GMT" time="23.136" errors="1">
  <testcase name="test001" time="0.000" classname="com.testprice.TestPriceComfort">
    <skipped/>
  </testcase> <!-- test001 -->
  <testcase name="test001" time="0.000" classname="com.testprice.TestPriceComfort">
    <skipped/>
  </testcase> <!-- test001 -->
  <testcase name="test001" time="0.000" classname="com.testprice.TestPriceComfort">
    <skipped/>
  </testcase> <!-- test001 -->
  <testcase name="test001" time="0.000" classname="com.testprice.TestPriceComfort">
    <skipped/>
  </testcase> <!-- test001 -->
  <testcase name="test001" time="0.000" classname="com.testprice.TestPriceComfort">
    <skipped/>
  </testcase> <!-- test001 -->
  <testcase name="test001" time="0.000" classname="com.testprice.TestPriceComfort">
    <skipped/>
  </testcase> <!-- test001 -->
  <testcase name="test001" time="0.000" classname="com.testprice.TestPriceComfort">
    <skipped/>
  </testcase> <!-- test001 -->
  <testcase name="test001" time="0.000" classname="com.testprice.TestPriceComfort">
    <skipped/>
  </testcase> <!-- test001 -->
  <testcase name="test001" time="0.000" classname="com.testprice.TestPriceComfort">
    <skipped/>
  </testcase> <!-- test001 -->
  <testcase name="test001" time="0.000" classname="com.testprice.TestPriceComfort">
    <skipped/>
  </testcase> <!-- test001 -->
  <testcase name="test001" time="0.000" classname="com.testprice.TestPriceComfort">
    <skipped/>
  </testcase> <!-- test001 -->
  <testcase name="test001" time="0.000" classname="com.testprice.TestPriceComfort">
    <skipped/>
  </testcase> <!-- test001 -->
  <testcase name="test001" time="0.000" classname="com.testprice.TestPriceComfort">
    <skipped/>
  </testcase> <!-- test001 -->
  <testcase name="test001" time="0.000" classname="com.testprice.TestPriceComfort">
    <skipped/>
  </testcase> <!-- test001 -->
  <testcase name="test001" time="0.000" classname="com.testprice.TestPriceComfort">
    <skipped/>
  </testcase> <!-- test001 -->
  <testcase name="test001" time="0.000" classname="com.testprice.TestPriceComfort">
    <skipped/>
  </testcase> <!-- test001 -->
  <testcase name="test001" time="0.000" classname="com.testprice.TestPriceComfort">
    <skipped/>
  </testcase> <!-- test001 -->
  <testcase name="test001" time="0.000" classname="com.testprice.TestPriceComfort">
    <skipped/>
  </testcase> <!-- test001 -->
  <testcase name="test001" time="0.000" classname="com.testprice.TestPriceComfort">
    <skipped/>
  </testcase> <!-- test001 -->
  <testcase name="test001" time="0.000" classname="com.testprice.TestPriceComfort">
    <skipped/>
  </testcase> <!-- test001 -->
  <testcase name="test001" time="0.000" classname="com.testprice.TestPriceComfort">
    <skipped/>
  </testcase> <!-- test001 -->
  <testcase name="test001" time="0.000" classname="com.testprice.TestPriceComfort">
    <skipped/>
  </testcase> <!-- test001 -->
  <testcase name="test001" time="0.000" classname="com.testprice.TestPriceComfort">
    <skipped/>
  </testcase> <!-- test001 -->
  <testcase name="browsersetup" time="23.136" classname="com.testprice.TestPriceComfort">
    <error type="org.openqa.selenium.WebDriverException" message="Timed out waiting for driver server to start.
Build info: version: &#039;3.141.59&#039;, revision: &#039;e82be7d358&#039;, time: &#039;2018-11-14T08:17:03&#039;
System info: host: &#039;Bensons-MacBook-Pro.local&#039;, ip: &#039;192.168.1.144&#039;, os.name: &#039;Mac OS X&#039;, os.arch: &#039;x86_64&#039;, os.version: &#039;10.14.3&#039;, java.version: &#039;1.8.0_121&#039;
Driver info: driver.version: ChromeDriver">
      <![CDATA[org.openqa.selenium.WebDriverException: Timed out waiting for driver server to start.
Build info: version: '3.141.59', revision: 'e82be7d358', time: '2018-11-14T08:17:03'
System info: host: 'Bensons-MacBook-Pro.local', ip: '192.168.1.144', os.name: 'Mac OS X', os.arch: 'x86_64', os.version: '10.14.3', java.version: '1.8.0_121'
Driver info: driver.version: ChromeDriver
at org.openqa.selenium.remote.service.DriverService.waitUntilAvailable(DriverService.java:202)
at org.openqa.selenium.remote.service.DriverService.start(DriverService.java:188)
at org.openqa.selenium.remote.service.DriverCommandExecutor.execute(DriverCommandExecutor.java:79)
at org.openqa.selenium.remote.RemoteWebDriver.execute(RemoteWebDriver.java:552)
at org.openqa.selenium.remote.RemoteWebDriver.startSession(RemoteWebDriver.java:213)
at org.openqa.selenium.remote.RemoteWebDriver.<init>(RemoteWebDriver.java:131)
at org.openqa.selenium.chrome.ChromeDriver.<init>(ChromeDriver.java:181)
at org.openqa.selenium.chrome.ChromeDriver.<init>(ChromeDriver.java:168)
at org.openqa.selenium.chrome.ChromeDriver.<init>(ChromeDriver.java:123)
at com.testbase.HDFpricecheck.TestBase.intialization(TestBase.java:53)
at com.testprice.TestPriceComfort.browsersetup(TestPriceComfort.java:33)
at sun.reflect.NativeMethodAccessorImpl.invoke0(Native Method)
at sun.reflect.NativeMethodAccessorImpl.invoke(NativeMethodAccessorImpl.java:62)
at sun.reflect.DelegatingMethodAccessorImpl.invoke(DelegatingMethodAccessorImpl.java:43)
at java.lang.reflect.Method.invoke(Method.java:498)
at org.testng.internal.MethodInvocationHelper.invokeMethod(MethodInvocationHelper.java:124)
at org.testng.internal.MethodInvocationHelper.invokeMethodConsideringTimeout(MethodInvocationHelper.java:59)
at org.testng.internal.Invoker.invokeConfigurationMethod(Invoker.java:458)
at org.testng.internal.Invoker.invokeConfigurations(Invoker.java:222)
at org.testng.internal.Invoker.invokeConfigurations(Invoker.java:142)
at org.testng.TestRunner.beforeRun(TestRunner.java:529)
at org.testng.TestRunner.run(TestRunner.java:497)
at org.testng.SuiteRunner.runTest(SuiteRunner.java:455)
at org.testng.SuiteRunner.runSequentially(SuiteRunner.java:450)
at org.testng.SuiteRunner.privateRun(SuiteRunner.java:415)
at org.testng.SuiteRunner.run(SuiteRunner.java:364)
at org.testng.SuiteRunnerWorker.runSuite(SuiteRunnerWorker.java:52)
at org.testng.SuiteRunnerWorker.run(SuiteRunnerWorker.java:84)
at org.testng.TestNG.runSuitesSequentially(TestNG.java:1208)
at org.testng.TestNG.runSuitesLocally(TestNG.java:1137)
at org.testng.TestNG.runSuites(TestNG.java:1049)
at org.testng.TestNG.run(TestNG.java:1017)
at org.testng.remote.AbstractRemoteTestNG.run(AbstractRemoteTestNG.java:115)
at org.testng.remote.RemoteTestNG.initAndRun(RemoteTestNG.java:251)
at org.testng.remote.RemoteTestNG.main(RemoteTestNG.java:77)
Caused by: org.openqa.selenium.net.UrlChecker$TimeoutException: Timed out waiting for [http://localhost:33441/status] to be available after 20005 ms
at org.openqa.selenium.net.UrlChecker.waitUntilAvailable(UrlChecker.java:100)
at org.openqa.selenium.remote.service.DriverService.waitUntilAvailable(DriverService.java:197)
... 34 more
Caused by: java.util.concurrent.TimeoutException
at java.util.concurrent.FutureTask.get(FutureTask.java:205)
at com.google.common.util.concurrent.SimpleTimeLimiter.callWithTimeout(SimpleTimeLimiter.java:156)
at org.openqa.selenium.net.UrlChecker.waitUntilAvailable(UrlChecker.java:75)
... 35 more
]]>
    </error>
  </testcase> <!-- browsersetup -->
  <testcase name="test001" time="0.000" classname="com.testprice.TestPriceComfort">
    <skipped/>
  </testcase> <!-- test001 -->
  <testcase name="test001" time="0.000" classname="com.testprice.TestPriceComfort">
    <skipped/>
  </testcase> <!-- test001 -->
  <testcase name="test001" time="0.000" classname="com.testprice.TestPriceComfort">
    <skipped/>
  </testcase> <!-- test001 -->
  <testcase name="test001" time="0.000" classname="com.testprice.TestPriceComfort">
    <skipped/>
  </testcase> <!-- test001 -->
  <testcase name="test001" time="0.000" classname="com.testprice.TestPriceComfort">
    <skipped/>
  </testcase> <!-- test001 -->
  <testcase name="test001" time="0.000" classname="com.testprice.TestPriceComfort">
    <skipped/>
  </testcase> <!-- test001 -->
  <testcase name="test001" time="0.000" classname="com.testprice.TestPriceComfort">
    <skipped/>
  </testcase> <!-- test001 -->
  <testcase name="test001" time="0.000" classname="com.testprice.TestPriceComfort">
    <skipped/>
  </testcase> <!-- test001 -->
  <testcase name="test001" time="0.000" classname="com.testprice.TestPriceComfort">
    <skipped/>
  </testcase> <!-- test001 -->
  <testcase name="test001" time="0.000" classname="com.testprice.TestPriceComfort">
    <skipped/>
  </testcase> <!-- test001 -->
</testsuite> <!-- com.testprice.TestPriceComfort -->
